<?xml version="1.0" encoding="UTF-8"?>
<!-- Generated by org.testng.reporters.JUnitReportReporter -->
<testsuite hostname="DESKTOP-D6L5F90" failures="0" tests="2" name="tests.Testing2" time="0.006" errors="0" timestamp="2022-01-23T18:48:31 EST" skipped="0">
  <testcase classname="tests.Testing2" name="test5" time="0.002"/>
  <system-out/>
  <testcase classname="tests.Testing2" name="test4" time="0.004"/>
  <system-out/>
</testsuite> <!-- tests.Testing2 -->
