<?xml version="1.0" encoding="UTF-8"?>
<!-- Generated by org.testng.reporters.JUnitReportReporter -->
<testsuite hostname="DESKTOP-D6L5F90" failures="0" tests="5" name="tests.Testing1" time="0.091" errors="0" timestamp="2022-01-23T18:48:31 EST" skipped="0">
  <testcase classname="tests.Testing1" name="f" time="0.004"/>
  <system-out/>
  <testcase classname="tests.Testing1" name="test3" time="0.053"/>
  <system-out/>
  <testcase classname="tests.Testing1" name="test2" time="0.002"/>
  <system-out/>
  <testcase classname="tests.Testing1" name="f" time="0.028"/>
  <system-out/>
  <testcase classname="tests.Testing1" name="test1" time="0.004"/>
  <system-out/>
</testsuite> <!-- tests.Testing1 -->
